<?xml version="1.0" encoding="UTF-8"?>
<testng-results skipped="0" failed="0" total="1" passed="1">
  <reporter-output>
  </reporter-output>
  <suite name="Default suite" duration-ms="61845" started-at="2019-07-21T10:13:37Z" finished-at="2019-07-21T10:14:38Z">
    <groups>
    </groups>
    <test name="Default test" duration-ms="61845" started-at="2019-07-21T10:13:37Z" finished-at="2019-07-21T10:14:38Z">
      <class name="testingMaven.SeleniumTest">
        <test-method status="PASS" signature="main1()[pri:0, instance:testingMaven.SeleniumTest@36d4b5c]" name="main1" duration-ms="61802" started-at="2019-07-21T15:43:37Z" finished-at="2019-07-21T15:44:38Z">
          <reporter-output>
          </reporter-output>
        </test-method> <!-- main1 -->
      </class> <!-- testingMaven.SeleniumTest -->
    </test> <!-- Default test -->
  </suite> <!-- Default suite -->
</testng-results>
